{"uuid":"25f13173-dcbb-4522-b6e7-e988f21048d6","historyId":"d3ded3a3017acc1af91f2d46f0e31e46","fullName":"tests.RepositoryApiTest.testUpdateRepository","labels":[{"name":"package","value":"tests.RepositoryApiTest"},{"name":"testClass","value":"tests.RepositoryApiTest"},{"name":"testMethod","value":"testUpdateRepository"},{"name":"parentSuite","value":"Surefire suite"},{"name":"suite","value":"Surefire test"},{"name":"subSuite","value":"tests.RepositoryApiTest"},{"name":"host","value":"Asifs-Air.lan"},{"name":"thread","value":"9134@Asifs-Air.lan.main(1)"},{"name":"framework","value":"testng"},{"name":"language","value":"java"},{"name":"epic","value":"GitHub Repository API"},{"name":"feature","value":"Repository Management"},{"name":"story","value":"Update Repository Description"}],"links":[],"name":"testUpdateRepository","status":"skipped","statusDetails":{"known":false,"muted":false,"flaky":false,"message":"Exception in testUpdateRepository: com.fasterxml.jackson.databind.exc.UnrecognizedPropertyException: Unrecognized field \"id\" (class pojo.RepositoryUpdateRequest), not marked as ignorable (2 known properties: \"name\", \"description\"])\n at [Source: REDACTED (`StreamReadFeature.INCLUDE_SOURCE_IN_LOCATION` disabled); line: 1, column: 17] (through reference chain: pojo.RepositoryUpdateRequest[\"id\"])","trace":"java.lang.AssertionError: Exception in testUpdateRepository: com.fasterxml.jackson.databind.exc.UnrecognizedPropertyException: Unrecognized field \"id\" (class pojo.RepositoryUpdateRequest), not marked as ignorable (2 known properties: \"name\", \"description\"])\n at [Source: REDACTED (`StreamReadFeature.INCLUDE_SOURCE_IN_LOCATION` disabled); line: 1, column: 17] (through reference chain: pojo.RepositoryUpdateRequest[\"id\"])\n\tat tests.RepositoryApiTest.testUpdateRepository(RepositoryApiTest.java:155)\n\tat java.base/jdk.internal.reflect.DirectMethodHandleAccessor.invoke(DirectMethodHandleAccessor.java:103)\n\tat java.base/java.lang.reflect.Method.invoke(Method.java:580)\n\tat org.testng.internal.invokers.MethodInvocationHelper.invokeMethod(MethodInvocationHelper.java:141)\n\tat org.testng.internal.invokers.TestInvoker.invokeMethod(TestInvoker.java:686)\n\tat org.testng.internal.invokers.TestInvoker.retryFailed(TestInvoker.java:269)\n\tat org.testng.internal.invokers.MethodRunner.runInSequence(MethodRunner.java:76)\n\tat org.testng.internal.invokers.TestInvoker$MethodInvocationAgent.invoke(TestInvoker.java:992)\n\tat org.testng.internal.invokers.TestInvoker.invokeTestMethods(TestInvoker.java:203)\n\tat org.testng.internal.invokers.TestMethodWorker.invokeTestMethods(TestMethodWorker.java:154)\n\tat org.testng.internal.invokers.TestMethodWorker.run(TestMethodWorker.java:134)\n\tat java.base/java.util.ArrayList.forEach(ArrayList.java:1596)\n\tat org.testng.TestRunner.privateRun(TestRunner.java:739)\n\tat org.testng.TestRunner.run(TestRunner.java:614)\n\tat org.testng.SuiteRunner.runTest(SuiteRunner.java:421)\n\tat org.testng.SuiteRunner.runSequentially(SuiteRunner.java:413)\n\tat org.testng.SuiteRunner.privateRun(SuiteRunner.java:373)\n\tat org.testng.SuiteRunner.run(SuiteRunner.java:312)\n\tat org.testng.SuiteRunnerWorker.runSuite(SuiteRunnerWorker.java:52)\n\tat org.testng.SuiteRunnerWorker.run(SuiteRunnerWorker.java:95)\n\tat org.testng.TestNG.runSuitesSequentially(TestNG.java:1274)\n\tat org.testng.TestNG.runSuitesLocally(TestNG.java:1208)\n\tat org.testng.TestNG.runSuites(TestNG.java:1112)\n\tat org.testng.TestNG.run(TestNG.java:1079)\n\tat org.apache.maven.surefire.testng.TestNGExecutor.run(TestNGExecutor.java:155)\n\tat org.apache.maven.surefire.testng.TestNGDirectoryTestSuite.executeSingleClass(TestNGDirectoryTestSuite.java:102)\n\tat org.apache.maven.surefire.testng.TestNGDirectoryTestSuite.execute(TestNGDirectoryTestSuite.java:91)\n\tat org.apache.maven.surefire.testng.TestNGProvider.invoke(TestNGProvider.java:137)\n\tat org.apache.maven.surefire.booter.ForkedBooter.runSuitesInProcess(ForkedBooter.java:385)\n\tat org.apache.maven.surefire.booter.ForkedBooter.execute(ForkedBooter.java:162)\n\tat org.apache.maven.surefire.booter.ForkedBooter.run(ForkedBooter.java:507)\n\tat org.apache.maven.surefire.booter.ForkedBooter.main(ForkedBooter.java:495)\n"},"stage":"finished","description":"This test updates the repository description and verifies the change.","steps":[{"name":"Exception in testUpdateRepository: com.fasterxml.jackson.databind.exc.UnrecognizedPropertyException: Unrecognized field \"id\" (class pojo.RepositoryUpdateRequest), not marked as ignorable (2 known properties: \"name\", \"description\"])\n at [Source: REDACTED (`StreamReadFeature.INCLUDE_SOURCE_IN_LOCATION` disabled); line: 1, column: 17] (through reference chain: pojo.RepositoryUpdateRequest[\"id\"])","status":"passed","stage":"finished","steps":[],"attachments":[],"parameters":[],"start":1751287492827,"stop":1751287492827}],"attachments":[],"parameters":[],"start":1751287492021,"stop":1751287492827}